<?xml version="1.0" encoding="UTF-8"?>
<testng-results ignored="0" total="12" passed="12" failed="0" skipped="0">
  <reporter-output>
  </reporter-output>
  <suite started-at="2025-09-06T21:56:20 EET" name="Default suite" finished-at="2025-09-06T21:56:48 EET" duration-ms="28441">
    <groups>
    </groups>
    <test started-at="2025-09-06T21:56:20 EET" name="Default test" finished-at="2025-09-06T21:56:48 EET" duration-ms="28441">
      <class name="AlmosaferWebsite.AlmosaferWebsite.AppTest">
        <test-method is-config="true" signature="setup()[pri:0, instance:AlmosaferWebsite.AlmosaferWebsite.AppTest@299321e2]" started-at="2025-09-06T21:56:20 EET" name="setup" finished-at="2025-09-06T21:56:22 EET" duration-ms="1734" status="PASS">
          <reporter-output>
          </reporter-output>
        </test-method> <!-- setup -->
        <test-method signature="englishDefaultLanguage()[pri:1, instance:AlmosaferWebsite.AlmosaferWebsite.AppTest@299321e2]" started-at="2025-09-06T21:56:22 EET" name="englishDefaultLanguage" finished-at="2025-09-06T21:56:22 EET" duration-ms="167" status="PASS">
          <reporter-output>
          </reporter-output>
        </test-method> <!-- englishDefaultLanguage -->
        <test-method signature="checkTheContactNum()[pri:2, instance:AlmosaferWebsite.AlmosaferWebsite.AppTest@299321e2]" started-at="2025-09-06T21:56:22 EET" name="checkTheContactNum" finished-at="2025-09-06T21:56:22 EET" duration-ms="31" status="PASS">
          <reporter-output>
          </reporter-output>
        </test-method> <!-- checkTheContactNum -->
        <test-method signature="checkTheCurrencyIsSAR()[pri:3, instance:AlmosaferWebsite.AlmosaferWebsite.AppTest@299321e2]" started-at="2025-09-06T21:56:22 EET" name="checkTheCurrencyIsSAR" finished-at="2025-09-06T21:56:22 EET" duration-ms="22" status="PASS">
          <reporter-output>
          </reporter-output>
        </test-method> <!-- checkTheCurrencyIsSAR -->
        <test-method signature="qitafLogo()[pri:4, instance:AlmosaferWebsite.AlmosaferWebsite.AppTest@299321e2]" started-at="2025-09-06T21:56:22 EET" name="qitafLogo" finished-at="2025-09-06T21:56:23 EET" duration-ms="1244" status="PASS">
          <reporter-output>
          </reporter-output>
        </test-method> <!-- qitafLogo -->
        <test-method signature="hotelTab()[pri:5, instance:AlmosaferWebsite.AlmosaferWebsite.AppTest@299321e2]" started-at="2025-09-06T21:56:23 EET" name="hotelTab" finished-at="2025-09-06T21:56:23 EET" duration-ms="44" status="PASS">
          <reporter-output>
          </reporter-output>
        </test-method> <!-- hotelTab -->
        <test-method signature="FlightDatesDeparture()[pri:6, instance:AlmosaferWebsite.AlmosaferWebsite.AppTest@299321e2]" started-at="2025-09-06T21:56:23 EET" name="FlightDatesDeparture" finished-at="2025-09-06T21:56:23 EET" duration-ms="30" status="PASS">
          <reporter-output>
          </reporter-output>
        </test-method> <!-- FlightDatesDeparture -->
        <test-method signature="FlightDatesReturn()[pri:7, instance:AlmosaferWebsite.AlmosaferWebsite.AppTest@299321e2]" started-at="2025-09-06T21:56:23 EET" name="FlightDatesReturn" finished-at="2025-09-06T21:56:23 EET" duration-ms="16" status="PASS">
          <reporter-output>
          </reporter-output>
        </test-method> <!-- FlightDatesReturn -->
        <test-method signature="RandomlyLanguage()[pri:8, instance:AlmosaferWebsite.AlmosaferWebsite.AppTest@299321e2]" started-at="2025-09-06T21:56:23 EET" name="RandomlyLanguage" finished-at="2025-09-06T21:56:24 EET" duration-ms="837" status="PASS">
          <reporter-output>
          </reporter-output>
        </test-method> <!-- RandomlyLanguage -->
        <test-method signature="HotelSearchTabCityInput()[pri:9, instance:AlmosaferWebsite.AlmosaferWebsite.AppTest@299321e2]" started-at="2025-09-06T21:56:24 EET" name="HotelSearchTabCityInput" finished-at="2025-09-06T21:56:27 EET" duration-ms="3148" status="PASS">
          <reporter-output>
          </reporter-output>
        </test-method> <!-- HotelSearchTabCityInput -->
        <test-method signature="selectRoomOptionsRandomly()[pri:10, instance:AlmosaferWebsite.AlmosaferWebsite.AppTest@299321e2]" started-at="2025-09-06T21:56:27 EET" name="selectRoomOptionsRandomly" finished-at="2025-09-06T21:56:30 EET" duration-ms="2295" status="PASS">
          <reporter-output>
          </reporter-output>
        </test-method> <!-- selectRoomOptionsRandomly -->
        <test-method signature="clickSearchHotels()[pri:11, instance:AlmosaferWebsite.AlmosaferWebsite.AppTest@299321e2]" started-at="2025-09-06T21:56:30 EET" name="clickSearchHotels" finished-at="2025-09-06T21:56:48 EET" duration-ms="18742" status="PASS">
          <reporter-output>
          </reporter-output>
        </test-method> <!-- clickSearchHotels -->
        <test-method signature="waitForSearchResults()[pri:12, instance:AlmosaferWebsite.AlmosaferWebsite.AppTest@299321e2]" started-at="2025-09-06T21:56:48 EET" name="waitForSearchResults" finished-at="2025-09-06T21:56:48 EET" duration-ms="64" status="PASS">
          <reporter-output>
          </reporter-output>
        </test-method> <!-- waitForSearchResults -->
      </class> <!-- AlmosaferWebsite.AlmosaferWebsite.AppTest -->
    </test> <!-- Default test -->
  </suite> <!-- Default suite -->
</testng-results>
