<?xml version="1.0" encoding="UTF-8"?>
<testng-results ignored="0" total="12" passed="12" failed="0" skipped="0">
  <reporter-output>
  </reporter-output>
  <suite started-at="2025-05-04T00:23:10 GMT+03:00" name="Default suite" finished-at="2025-05-04T00:23:37 GMT+03:00" duration-ms="26875">
    <groups>
    </groups>
    <test started-at="2025-05-04T00:23:10 GMT+03:00" name="Default test" finished-at="2025-05-04T00:23:37 GMT+03:00" duration-ms="26875">
      <class name="AlmosaferWebsite.AlmosaferWebsite.AppTest">
        <test-method is-config="true" signature="Setup()[pri:0, instance:AlmosaferWebsite.AlmosaferWebsite.AppTest@781f10f2]" started-at="2025-05-04T00:23:10 GMT+03:00" name="Setup" finished-at="2025-05-04T00:23:11 GMT+03:00" duration-ms="1424" status="PASS">
          <reporter-output>
          </reporter-output>
        </test-method> <!-- Setup -->
        <test-method signature="EnglishDefaultLanguage()[pri:1, instance:AlmosaferWebsite.AlmosaferWebsite.AppTest@781f10f2]" started-at="2025-05-04T00:23:11 GMT+03:00" name="EnglishDefaultLanguage" finished-at="2025-05-04T00:23:11 GMT+03:00" duration-ms="28" status="PASS">
          <reporter-output>
          </reporter-output>
        </test-method> <!-- EnglishDefaultLanguage -->
        <test-method signature="CheckTheContactNum()[pri:2, instance:AlmosaferWebsite.AlmosaferWebsite.AppTest@781f10f2]" started-at="2025-05-04T00:23:11 GMT+03:00" name="CheckTheContactNum" finished-at="2025-05-04T00:23:11 GMT+03:00" duration-ms="25" status="PASS">
          <reporter-output>
          </reporter-output>
        </test-method> <!-- CheckTheContactNum -->
        <test-method signature="CheckTheCurrencyIsSAR()[pri:3, instance:AlmosaferWebsite.AlmosaferWebsite.AppTest@781f10f2]" started-at="2025-05-04T00:23:11 GMT+03:00" name="CheckTheCurrencyIsSAR" finished-at="2025-05-04T00:23:11 GMT+03:00" duration-ms="22" status="PASS">
          <reporter-output>
          </reporter-output>
        </test-method> <!-- CheckTheCurrencyIsSAR -->
        <test-method signature="QitafLogo()[pri:4, instance:AlmosaferWebsite.AlmosaferWebsite.AppTest@781f10f2]" started-at="2025-05-04T00:23:11 GMT+03:00" name="QitafLogo" finished-at="2025-05-04T00:23:13 GMT+03:00" duration-ms="1218" status="PASS">
          <reporter-output>
          </reporter-output>
        </test-method> <!-- QitafLogo -->
        <test-method signature="HotelTab()[pri:5, instance:AlmosaferWebsite.AlmosaferWebsite.AppTest@781f10f2]" started-at="2025-05-04T00:23:13 GMT+03:00" name="HotelTab" finished-at="2025-05-04T00:23:13 GMT+03:00" duration-ms="20" status="PASS">
          <reporter-output>
          </reporter-output>
        </test-method> <!-- HotelTab -->
        <test-method signature="FlightDatesDeparture()[pri:6, instance:AlmosaferWebsite.AlmosaferWebsite.AppTest@781f10f2]" started-at="2025-05-04T00:23:13 GMT+03:00" name="FlightDatesDeparture" finished-at="2025-05-04T00:23:13 GMT+03:00" duration-ms="24" status="PASS">
          <reporter-output>
          </reporter-output>
        </test-method> <!-- FlightDatesDeparture -->
        <test-method signature="FlightDatesReturn()[pri:7, instance:AlmosaferWebsite.AlmosaferWebsite.AppTest@781f10f2]" started-at="2025-05-04T00:23:13 GMT+03:00" name="FlightDatesReturn" finished-at="2025-05-04T00:23:13 GMT+03:00" duration-ms="36" status="PASS">
          <reporter-output>
          </reporter-output>
        </test-method> <!-- FlightDatesReturn -->
        <test-method signature="RandomlyLanguage()[pri:8, instance:AlmosaferWebsite.AlmosaferWebsite.AppTest@781f10f2]" started-at="2025-05-04T00:23:13 GMT+03:00" name="RandomlyLanguage" finished-at="2025-05-04T00:23:13 GMT+03:00" duration-ms="645" status="PASS">
          <reporter-output>
          </reporter-output>
        </test-method> <!-- RandomlyLanguage -->
        <test-method signature="HotelSearchTabCityInput()[pri:9, instance:AlmosaferWebsite.AlmosaferWebsite.AppTest@781f10f2]" started-at="2025-05-04T00:23:13 GMT+03:00" name="HotelSearchTabCityInput" finished-at="2025-05-04T00:23:22 GMT+03:00" duration-ms="9091" status="PASS">
          <reporter-output>
          </reporter-output>
        </test-method> <!-- HotelSearchTabCityInput -->
        <test-method signature="selectRoomOptionsRandomly()[pri:10, instance:AlmosaferWebsite.AlmosaferWebsite.AppTest@781f10f2]" started-at="2025-05-04T00:23:22 GMT+03:00" name="selectRoomOptionsRandomly" finished-at="2025-05-04T00:23:25 GMT+03:00" duration-ms="2315" status="PASS">
          <reporter-output>
          </reporter-output>
        </test-method> <!-- selectRoomOptionsRandomly -->
        <test-method signature="clickSearchHotels()[pri:11, instance:AlmosaferWebsite.AlmosaferWebsite.AppTest@781f10f2]" started-at="2025-05-04T00:23:25 GMT+03:00" name="clickSearchHotels" finished-at="2025-05-04T00:23:29 GMT+03:00" duration-ms="4798" status="PASS">
          <reporter-output>
          </reporter-output>
        </test-method> <!-- clickSearchHotels -->
        <test-method signature="waitForSearchResults()[pri:12, instance:AlmosaferWebsite.AlmosaferWebsite.AppTest@781f10f2]" started-at="2025-05-04T00:23:29 GMT+03:00" name="waitForSearchResults" finished-at="2025-05-04T00:23:37 GMT+03:00" duration-ms="7176" status="PASS">
          <reporter-output>
          </reporter-output>
        </test-method> <!-- waitForSearchResults -->
      </class> <!-- AlmosaferWebsite.AlmosaferWebsite.AppTest -->
    </test> <!-- Default test -->
  </suite> <!-- Default suite -->
</testng-results>
